-------------------------------------------------------------------------------
Test set: BookTests.BookConstructorsTest
-------------------------------------------------------------------------------
Tests run: 2, Failures: 1, Errors: 0, Skipped: 0, Time elapsed: 0.079 s <<< FAILURE! - in BookTests.BookConstructorsTest
middleConstructorTest  Time elapsed: 0.01 s  <<< FAILURE!
org.opentest4j.AssertionFailedError: Calculation and/or rounding has gone wrong ==> expected: <1> but was: <0>
	at BookTests.BookConstructorsTest.middleConstructorTest(BookConstructorsTest.java:23)

