-------------------------------------------------------------------------------
Test set: runner.RunnerTest
-------------------------------------------------------------------------------
Tests run: 1, Failures: 0, Errors: 1, Skipped: 0, Time elapsed: 0.003 s <<< FAILURE! - in runner.RunnerTest
initializationError  Time elapsed: 0 s  <<< ERROR!
java.lang.IllegalArgumentException: path must exist: C:\Users\Work Account\Desktop\Java\Library\src\test\java\resources\features

