<?xml version="1.0" encoding="UTF-8"?>
<testsuite xmlns:xsi="http://www.w3.org/2001/XMLSchema-instance" xsi:noNamespaceSchemaLocation="https://maven.apache.org/surefire/maven-surefire-plugin/xsd/surefire-test-report.xsd" name="BookTests.BookConstructorsTest" time="0.079" tests="2" errors="0" skipped="0" failures="1">
  <properties>
[...]
</properties>
  <testcase name="bareBonesConstructor" classname="BookTests.BookConstructorsTest" time="0.055"/>
  <testcase name="middleConstructorTest" classname="BookTests.BookConstructorsTest" time="0.01">
    <failure message="Calculation and/or rounding has gone wrong ==&gt; expected: &lt;1&gt; but was: &lt;0&gt;" type="org.opentest4j.AssertionFailedError"><![CDATA[org.opentest4j.AssertionFailedError: Calculation and/or rounding has gone wrong ==> expected: <1> but was: <0>
	at BookTests.BookConstructorsTest.middleConstructorTest(BookConstructorsTest.java:23)
]]></failure>
  </testcase>
</testsuite>